Mon 27 May 2024 03:07:07 AM UTC: 
 tests:  0|5
total_score: 0/70
2eff996
Mon 27 May 2024 03:23:07 AM UTC: 
 exercises.c | 7 +++++++
 1 file changed, 7 insertions(+)
In file included from test.c:5:
exercises.c: In function ‘crea_lista’:
exercises.c:47:22: error: comparison between pointer and integer [-Werror]
   47 |    for(int* i = 0; i < 10; i++)
      |                      ^
cc1: all warnings being treated as errors
Compilation failed
e065c99
Mon 27 May 2024 03:43:47 AM UTC: 
 exercises.c | 6 ++----
 1 file changed, 2 insertions(+), 4 deletions(-)
In file included from test.c:5:
exercises.c: In function ‘crea_lista’:
exercises.c:49:20: error: passing argument 2 of ‘pushFront’ makes pointer from integer without a cast [-Werror=int-conversion]
   49 |       pushFront(L, i);
      |                    ^
      |                    |
      |                    int
In file included from exercises.c:6,
                 from test.c:5:
arraylist.h:17:31: note: expected ‘void *’ but argument is of type ‘int’
   17 | void pushFront(List *L, void *dato);
      |                         ~~~~~~^~~~
cc1: all warnings being treated as errors
Compilation failed
f680fd5
Mon 27 May 2024 04:12:09 AM UTC: 
 exercises.c | 4 +++-
 1 file changed, 3 insertions(+), 1 deletion(-)
 tests:  0|5
total_score: 0/70
92987c9
Mon 27 May 2024 04:12:59 AM UTC: 
 exercises.c | 2 +-
 1 file changed, 1 insertion(+), 1 deletion(-)
 tests:  1|4
total_score: 10/70
d3ede2e
Mon 27 May 2024 04:16:37 AM UTC: 
 exercises.c | 6 ++++--
 1 file changed, 4 insertions(+), 2 deletions(-)
 tests:  1|4
total_score: 10/70
e0a6a14
Mon 27 May 2024 04:40:44 AM UTC: 
 exercises.c | 10 ++++++++--
 1 file changed, 8 insertions(+), 2 deletions(-)
In file included from test.c:6:
arraylist.c:6:8: error: redefinition of ‘struct List’
    6 | struct List {
      |        ^~~~
In file included from exercises.c:7,
                 from test.c:5:
arraylist.c:6:8: note: originally defined here
    6 | struct List {
      |        ^~~~
In file included from test.c:6:
arraylist.c:14:7: error: redefinition of ‘create_list’
   14 | List* create_list() {
      |       ^~~~~~~~~~~
In file included from exercises.c:7,
                 from test.c:5:
arraylist.c:14:7: note: previous definition of ‘create_list’ with type ‘List *()’ {aka ‘struct List *()’}
   14 | List* create_list() {
      |       ^~~~~~~~~~~
In file included from test.c:6:
arraylist.c:21:7: error: redefinition of ‘first’
   21 | void* first(List *L) {
      |       ^~~~~
In file included from exercises.c:7,
                 from test.c:5:
arraylist.c:21:7: note: previous definition of ‘first’ with type ‘void *(List *)’ {aka ‘void *(struct List *)’}
   21 | void* first(List *L) {
      |       ^~~~~
In file included from test.c:6:
arraylist.c:29:7: error: redefinition of ‘next’
   29 | void* next(List *L) {
      |       ^~~~
In file included from exercises.c:7,
                 from test.c:5:
arraylist.c:29:7: note: previous definition of ‘next’ with type ‘void *(List *)’ {aka ‘void *(struct List *)’}
   29 | void* next(List *L) {
      |       ^~~~
In file included from test.c:6:
arraylist.c:37:6: error: redefinition of ‘pushFront’
   37 | void pushFront(List *L, void *dato) {
      |      ^~~~~~~~~
In file included from exercises.c:7,
                 from test.c:5:
arraylist.c:37:6: note: previous definition of ‘pushFront’ with type ‘void(List *, void *)’ {aka ‘void(struct List *, void *)’}
   37 | void pushFront(List *L, void *dato) {
      |      ^~~~~~~~~
In file included from test.c:6:
arraylist.c:50:6: error: redefinition of ‘pushBack’
   50 | void pushBack(List *L, void *dato) {
      |      ^~~~~~~~
In file included from exercises.c:7,
                 from test.c:5:
arraylist.c:50:6: note: previous definition of ‘pushBack’ with type ‘void(List *, void *)’ {aka ‘void(struct List *, void *)’}
   50 | void pushBack(List *L, void *dato) {
      |      ^~~~~~~~
In file included from test.c:6:
arraylist.c:55:6: error: redefinition of ‘pushCurrent’
   55 | void pushCurrent(List *L, void *dato) {
      |      ^~~~~~~~~~~
In file included from exercises.c:7,
                 from test.c:5:
arraylist.c:55:6: note: previous definition of ‘pushCurrent’ with type ‘void(List *, void *)’ {aka ‘void(struct List *, void *)’}
   55 | void pushCurrent(List *L, void *dato) {
      |      ^~~~~~~~~~~
In file included from test.c:6:
arraylist.c:68:7: error: redefinition of ‘popFront’
   68 | void* popFront(List *L) {
      |       ^~~~~~~~
In file included from exercises.c:7,
                 from test.c:5:
arraylist.c:68:7: note: previous definition of ‘popFront’ with type ‘void *(List *)’ {aka ‘void *(struct List *)’}
   68 | void* popFront(List *L) {
      |       ^~~~~~~~
In file included from test.c:6:
arraylist.c:80:7: error: redefinition of ‘popBack’
   80 | void* popBack(List *L) {
      |       ^~~~~~~
In file included from exercises.c:7,
                 from test.c:5:
arraylist.c:80:7: note: previous definition of ‘popBack’ with type ‘void *(List *)’ {aka ‘void *(struct List *)’}
   80 | void* popBack(List *L) {
      |       ^~~~~~~
In file included from test.c:6:
arraylist.c:89:7: error: redefinition of ‘popCurrent’
   89 | void* popCurrent(List *L) {
      |       ^~~~~~~~~~
In file included from exercises.c:7,
                 from test.c:5:
arraylist.c:89:7: note: previous definition of ‘popCurrent’ with type ‘void *(List *)’ {aka ‘void *(struct List *)’}
   89 | void* popCurrent(List *L) {
      |       ^~~~~~~~~~
In file included from test.c:6:
arraylist.c:102:5: error: redefinition of ‘get_size’
  102 | int get_size(List *L) {
      |     ^~~~~~~~
In file included from exercises.c:7,
                 from test.c:5:
arraylist.c:102:5: note: previous definition of ‘get_size’ with type ‘int(List *)’ {aka ‘int(struct List *)’}
  102 | int get_size(List *L) {
      |     ^~~~~~~~
Compilation failed
5bf04ec
Mon 27 May 2024 04:42:00 AM UTC: 
 exercises.c | 1 -
 1 file changed, 1 deletion(-)
In file included from test.c:6:
arraylist.c:6:8: error: redefinition of ‘struct List’
    6 | struct List {
      |        ^~~~
In file included from exercises.c:6,
                 from test.c:5:
arraylist.h:6:8: note: originally defined here
    6 | struct List {
      |        ^~~~
Compilation failed
0f3aa07
Mon 27 May 2024 04:44:05 AM UTC: 
 exercises.c | 6 ++++++
 1 file changed, 6 insertions(+)
In file included from test.c:6:
arraylist.c:6:8: error: redefinition of ‘struct List’
    6 | struct List {
      |        ^~~~
In file included from test.c:5:
exercises.c:11:8: note: originally defined here
   11 | struct List {
      |        ^~~~
Compilation failed
1b15079
Mon 27 May 2024 04:45:35 AM UTC: 
 exercises.c | 5 -----
 1 file changed, 5 deletions(-)
In file included from test.c:5:
exercises.c: In function ‘sumaLista’:
exercises.c:65:24: error: invalid use of incomplete typedef ‘List’
   65 |    for(int i = 0; i < L->size; i++)
      |                        ^~
exercises.c:67:27: error: invalid use of incomplete typedef ‘List’
   67 |       int* dato = (int*) L->data[i];
      |                           ^~
Compilation failed
a114229
Mon 27 May 2024 04:49:00 AM UTC: 
 exercises.c | 6 +++++-
 1 file changed, 5 insertions(+), 1 deletion(-)
In file included from test.c:6:
arraylist.c:6:8: error: redefinition of ‘struct List’
    6 | struct List {
      |        ^~~~
In file included from test.c:5:
exercises.c:10:8: note: originally defined here
   10 | struct List {
      |        ^~~~
Compilation failed
3e763b7
Mon 27 May 2024 04:56:40 AM UTC: 
 exercises.c | 5 +++--
 1 file changed, 3 insertions(+), 2 deletions(-)
 tests:  2|3
total_score: 20/70
f463c1e
Mon 27 May 2024 05:40:45 AM UTC: 
 exercises.c | 15 +++++++++++++--
 1 file changed, 13 insertions(+), 2 deletions(-)
 tests:  3|2
total_score: 40/70
67ff257
Mon 27 May 2024 06:00:03 AM UTC: 
 exercises.c | 17 ++++++++++++++++-
 1 file changed, 16 insertions(+), 1 deletion(-)
 tests:  3|2
total_score: 40/70
e9b980f
Mon 27 May 2024 06:07:03 AM UTC: 
 exercises.c | 4 ++--
 1 file changed, 2 insertions(+), 2 deletions(-)
 tests:  3|2
total_score: 40/70
3f56609
Mon 27 May 2024 06:08:12 AM UTC: 
 exercises.c | 1 +
 1 file changed, 1 insertion(+)
 tests:  3|2
total_score: 40/70
06e8abd
Mon 27 May 2024 06:13:51 AM UTC: 
 exercises.c | 1 +
 1 file changed, 1 insertion(+)
 tests:  4|1
total_score: 50/70
1e00371
Mon 27 May 2024 06:33:55 AM UTC: 
 exercises.c | 21 ++++++++++++++++++++-
 1 file changed, 20 insertions(+), 1 deletion(-)
 tests:  7|1
total_score: 60/70
a64c323
Mon 27 May 2024 06:51:00 AM UTC: 
 exercises.c | 16 +++++++++++++---
 1 file changed, 13 insertions(+), 3 deletions(-)
In file included from test.c:5:
exercises.c: In function ‘parentesisBalanceados’:
exercises.c:144:25: error: expected ‘)’ before ‘;’ token
  144 |          push(pila, dato;
      |              ~          ^
      |                         )
exercises.c:144:21: error: passing argument 2 of ‘push’ makes pointer from integer without a cast [-Werror=int-conversion]
  144 |          push(pila, dato;
      |                     ^~~~
      |                     |
      |                     char
In file included from exercises.c:7,
                 from test.c:5:
stack.h:11:31: note: expected ‘void *’ but argument is of type ‘char’
   11 | void push(Stack *stack, void *data) { pushFront(stack, data); }
      |                         ~~~~~~^~~~
In file included from test.c:5:
exercises.c:144:26: error: expected ‘;’ before ‘}’ token
  144 |          push(pila, dato;
      |                          ^
      |                          ;
  145 |       }
      |       ~                   
exercises.c:154:25: error: suggest parentheses around ‘&&’ within ‘||’ [-Werror=parentheses]
  154 |          if(dato == '(' && datoAnt == ')' || dato == '{' && datoAnt == '}' || dato == '[' && datoAnt == ']')
      |             ~~~~~~~~~~~~^~~~~~~~~~~~~~~~~
exercises.c:154:91: error: suggest parentheses around ‘&&’ within ‘||’ [-Werror=parentheses]
  154 |          if(dato == '(' && datoAnt == ')' || dato == '{' && datoAnt == '}' || dato == '[' && datoAnt == ']')
      |                                                                               ~~~~~~~~~~~~^~~~~~~~~~~~~~~~~
cc1: all warnings being treated as errors
Compilation failed
f7dbad4
